[debug] [2020-05-14T01:24:10.739Z] ----------------------------------------------------------------------
[debug] [2020-05-14T01:24:10.742Z] Command:       C:\Program Files\nodejs\node.exe C:\Users\R5 2600\AppData\Roaming\npm\node_modules\firebase-tools\lib\bin\firebase.js init
[debug] [2020-05-14T01:24:10.742Z] CLI Version:   8.2.0
[debug] [2020-05-14T01:24:10.742Z] Platform:      win32
[debug] [2020-05-14T01:24:10.742Z] Node Version:  v10.16.3
[debug] [2020-05-14T01:24:10.743Z] Time:          Wed May 13 2020 18:24:10 GMT-0700 (Mountain Standard Time)
[debug] [2020-05-14T01:24:10.743Z] ----------------------------------------------------------------------
[debug] [2020-05-14T01:24:10.743Z] 
[debug] [2020-05-14T01:24:10.750Z] > command requires scopes: ["email","openid","https://www.googleapis.com/auth/cloudplatformprojects.readonly","https://www.googleapis.com/auth/firebase","https://www.googleapis.com/auth/cloud-platform"]
[debug] [2020-05-14T01:24:10.750Z] > authorizing via signed-in user
[info] 
     ######## #### ########  ######## ########     ###     ######  ########
     ##        ##  ##     ## ##       ##     ##  ##   ##  ##       ##
     ######    ##  ########  ######   ########  #########  ######  ######
     ##        ##  ##    ##  ##       ##     ## ##     ##       ## ##
     ##       #### ##     ## ######## ########  ##     ##  ######  ########

You're about to initialize a Firebase project in this directory:

  D:\cvCity\cvcity

Before we get started, keep in mind:

  * You are initializing in an existing Firebase project directory

[info] 
=== Project Setup
[info] 
[info] First, let's associate this project directory with a Firebase project.
[info] You can create multiple project aliases by running firebase use --add, 
[info] but for now we'll just set up a default project.
[info] 
[info] i  .firebaserc already has a default project, using cv19center.
[debug] [2020-05-14T01:24:14.925Z] >>> HTTP REQUEST GET https://firebase.googleapis.com/v1beta1/projects/cv19center  
 
[debug] [2020-05-14T01:24:15.179Z] <<< HTTP RESPONSE 200 {"content-type":"application/json; charset=UTF-8","vary":"X-Origin, Referer, Origin,Accept-Encoding","date":"Thu, 14 May 2020 01:24:15 GMT","server":"ESF","cache-control":"private","x-xss-protection":"0","x-frame-options":"SAMEORIGIN","x-content-type-options":"nosniff","alt-svc":"h3-27=\":443\"; ma=2592000,h3-25=\":443\"; ma=2592000,h3-T050=\":443\"; ma=2592000,h3-Q050=\":443\"; ma=2592000,h3-Q049=\":443\"; ma=2592000,h3-Q048=\":443\"; ma=2592000,h3-Q046=\":443\"; ma=2592000,h3-Q043=\":443\"; ma=2592000,quic=\":443\"; ma=2592000; v=\"46,43\"","accept-ranges":"none","transfer-encoding":"chunked"}
[info] 
=== Hosting Setup
[info] 
[info] Your public directory is the folder (relative to your project directory) that
[info] will contain Hosting assets to be uploaded with firebase deploy. If you
[info] have a build process for your assets, use your build's output directory.
[info] 
